{
  "RSpec": {
    "coverage": {
      "/Users/thomashawley/Turing/projects/Bookhaven/app/models/book.rb": {
        "lines": [
          1,
          null,
          1,
          1,
          null
        ]
      },
      "/Users/thomashawley/Turing/projects/Bookhaven/spec/models/library_book_spec.rb": {
        "lines": [
          1,
          null,
          1,
          null,
          1,
          2,
          2,
          null,
          null
        ]
      },
      "/Users/thomashawley/Turing/projects/Bookhaven/app/models/library_book.rb": {
        "lines": [
          1,
          null,
          1,
          1,
          null
        ]
      },
      "/Users/thomashawley/Turing/projects/Bookhaven/spec/models/library_spec.rb": {
        "lines": [
          1,
          null,
          1,
          null,
          1,
          2,
          2,
          null,
          null
        ]
      },
      "/Users/thomashawley/Turing/projects/Bookhaven/app/models/library.rb": {
        "lines": [
          1,
          null,
          1,
          1,
          null
        ]
      }
    },
    "timestamp": 1715968818
  }
}
